/*C3*/SET SCHEMA PUBLIC
drop table if exists club CASCADE 
drop table if exists competition CASCADE 
drop table if exists person CASCADE 
drop table if exists person_roles CASCADE 
drop table if exists role CASCADE 
create table club (id_club bigint generated by default as identity (start with 1), club_name varchar(255), primary key (id_club))
create table competition (id_competitions bigint generated by default as identity (start with 1), competition_date date, competition_name varchar(255), primary key (id_competitions))
create table person (dtype varchar(31) not null, id_person bigint generated by default as identity (start with 1), password varchar(255), username varchar(255), id_guest bigint, id_player bigint, med_ex_date date, primary key (id_person))
create table person_roles (person_id_person bigint not null, roles_id_role bigint not null, primary key (person_id_person, roles_id_role))
create table role (id_role bigint generated by default as identity (start with 1), name varchar(255), primary key (id_role))
alter table person_roles add constraint FKauj2ffnj8fkmdjiduuch4soc8 foreign key (roles_id_role) references role
alter table person_roles add constraint FKdqjams8a9q1bbjfx1kp2dx2w9 foreign key (person_id_person) references person
/*C13*/SET SCHEMA PUBLIC
drop table if exists club CASCADE 
drop table if exists competition CASCADE 
drop table if exists person CASCADE 
drop table if exists person_roles CASCADE 
drop table if exists role CASCADE 
create table club (id_club bigint generated by default as identity (start with 1), club_name varchar(255), primary key (id_club))
create table competition (id_competitions bigint generated by default as identity (start with 1), competition_date date, competition_name varchar(255), primary key (id_competitions))
create table person (dtype varchar(31) not null, id_person bigint generated by default as identity (start with 1), password varchar(255), username varchar(255), id_guest bigint, id_player bigint, med_ex_date date, primary key (id_person))
create table person_roles (person_id_person bigint not null, roles_id_role bigint not null, primary key (person_id_person, roles_id_role))
create table role (id_role bigint generated by default as identity (start with 1), name varchar(255), primary key (id_role))
alter table person_roles add constraint FKauj2ffnj8fkmdjiduuch4soc8 foreign key (roles_id_role) references role
alter table person_roles add constraint FKdqjams8a9q1bbjfx1kp2dx2w9 foreign key (person_id_person) references person
drop table if exists club CASCADE 
drop table if exists competition CASCADE 
drop table if exists person CASCADE 
drop table if exists person_roles CASCADE 
drop table if exists role CASCADE 
DISCONNECT
/*C14*/SET SCHEMA PUBLIC
DISCONNECT
/*C15*/SET SCHEMA PUBLIC
DISCONNECT
/*C16*/SET SCHEMA PUBLIC
DISCONNECT
/*C17*/SET SCHEMA PUBLIC
DISCONNECT
/*C18*/SET SCHEMA PUBLIC
DISCONNECT
/*C19*/SET SCHEMA PUBLIC
DISCONNECT
/*C20*/SET SCHEMA PUBLIC
DISCONNECT
/*C21*/SET SCHEMA PUBLIC
DISCONNECT
/*C22*/SET SCHEMA PUBLIC
DISCONNECT
